0 info it worked if it ends with ok
1 verbose cli [ '/usr/local/bin/node',
1 verbose cli   '/usr/local/bin/npm',
1 verbose cli   'install',
1 verbose cli   '--save',
1 verbose cli   'lodash' ]
2 info using npm@2.15.1
3 info using node@v4.4.3
4 verbose install initial load of /Users/rob.cornacchia/Desktop/code/react/pluralsight/react_and_flux/package.json
5 warn package.json react_and_flux@1.0.0 No description
6 warn package.json react_and_flux@1.0.0 No repository field.
7 warn package.json react_and_flux@1.0.0 No README data
8 verbose installManyTop reading scoped package data from /Users/rob.cornacchia/Desktop/code/react/pluralsight/react_and_flux/node_modules/bootstrap/package.json
9 verbose installManyTop reading scoped package data from /Users/rob.cornacchia/Desktop/code/react/pluralsight/react_and_flux/node_modules/browserify/package.json
10 verbose installManyTop reading scoped package data from /Users/rob.cornacchia/Desktop/code/react/pluralsight/react_and_flux/node_modules/flux/package.json
11 verbose installManyTop reading scoped package data from /Users/rob.cornacchia/Desktop/code/react/pluralsight/react_and_flux/node_modules/gulp/package.json
12 verbose installManyTop reading scoped package data from /Users/rob.cornacchia/Desktop/code/react/pluralsight/react_and_flux/node_modules/gulp-concat/package.json
13 verbose installManyTop reading scoped package data from /Users/rob.cornacchia/Desktop/code/react/pluralsight/react_and_flux/node_modules/gulp-connect/package.json
14 verbose installManyTop reading scoped package data from /Users/rob.cornacchia/Desktop/code/react/pluralsight/react_and_flux/node_modules/gulp-eslint/package.json
15 verbose installManyTop reading scoped package data from /Users/rob.cornacchia/Desktop/code/react/pluralsight/react_and_flux/node_modules/gulp-open/package.json
16 verbose installManyTop reading scoped package data from /Users/rob.cornacchia/Desktop/code/react/pluralsight/react_and_flux/node_modules/gulp-rename/package.json
17 verbose installManyTop reading scoped package data from /Users/rob.cornacchia/Desktop/code/react/pluralsight/react_and_flux/node_modules/jquery/package.json
18 verbose installManyTop reading scoped package data from /Users/rob.cornacchia/Desktop/code/react/pluralsight/react_and_flux/node_modules/npm-debug.log/package.json
19 verbose installManyTop reading scoped package data from /Users/rob.cornacchia/Desktop/code/react/pluralsight/react_and_flux/node_modules/react/package.json
20 verbose installManyTop reading scoped package data from /Users/rob.cornacchia/Desktop/code/react/pluralsight/react_and_flux/node_modules/react-dom/package.json
21 verbose installManyTop reading scoped package data from /Users/rob.cornacchia/Desktop/code/react/pluralsight/react_and_flux/node_modules/react-router/package.json
22 verbose installManyTop reading scoped package data from /Users/rob.cornacchia/Desktop/code/react/pluralsight/react_and_flux/node_modules/reactify/package.json
23 verbose installManyTop reading scoped package data from /Users/rob.cornacchia/Desktop/code/react/pluralsight/react_and_flux/node_modules/vinyl-source-stream/package.json
24 info package.json flux@2.0.3 license should be a valid SPDX license expression
25 info package.json gulp-eslint@0.15.0 No license field.
26 info package.json jquery@2.1.4 No license field.
27 info package.json gulp-rename@1.2.2 No license field.
28 verbose readDependencies loading dependencies from /Users/rob.cornacchia/Desktop/code/react/pluralsight/react_and_flux/package.json
29 silly cache add args [ 'lodash', null ]
30 verbose cache add spec lodash
31 silly cache add parsed spec Result {
31 silly cache add   raw: 'lodash',
31 silly cache add   scope: null,
31 silly cache add   name: 'lodash',
31 silly cache add   rawSpec: '',
31 silly cache add   spec: 'latest',
31 silly cache add   type: 'tag' }
32 silly addNamed lodash@latest
33 verbose addNamed "latest" is being treated as a dist-tag for lodash
34 info addNameTag [ 'lodash', 'latest' ]
35 silly mapToRegistry name lodash
36 silly mapToRegistry using default registry
37 silly mapToRegistry registry https://registry.npmjs.org/
38 silly mapToRegistry data Result {
38 silly mapToRegistry   raw: 'lodash',
38 silly mapToRegistry   scope: null,
38 silly mapToRegistry   name: 'lodash',
38 silly mapToRegistry   rawSpec: '',
38 silly mapToRegistry   spec: 'latest',
38 silly mapToRegistry   type: 'tag' }
39 silly mapToRegistry uri https://registry.npmjs.org/lodash
40 verbose addNameTag registry:https://registry.npmjs.org/lodash not in flight; fetching
41 verbose request uri https://registry.npmjs.org/lodash
42 verbose request no auth needed
43 info attempt registry request try #1 at 12:09:27 PM
44 verbose request id fdbe93ee7f562233
45 verbose etag "6EVWK4S1VPV74EZT640EUIW89"
46 http request GET https://registry.npmjs.org/lodash
47 http 304 https://registry.npmjs.org/lodash
48 verbose headers { date: 'Sun, 29 May 2016 16:08:46 GMT',
48 verbose headers   via: '1.1 varnish',
48 verbose headers   'cache-control': 'max-age=300',
48 verbose headers   etag: '"6EVWK4S1VPV74EZT640EUIW89"',
48 verbose headers   age: '75',
48 verbose headers   connection: 'keep-alive',
48 verbose headers   'x-served-by': 'cache-atl6246-ATL',
48 verbose headers   'x-cache': 'HIT',
48 verbose headers   'x-cache-hits': '3',
48 verbose headers   'x-timer': 'S1464538126.914167,VS0,VE0',
48 verbose headers   vary: 'Accept-Encoding' }
49 silly get cb [ 304,
49 silly get   { date: 'Sun, 29 May 2016 16:08:46 GMT',
49 silly get     via: '1.1 varnish',
49 silly get     'cache-control': 'max-age=300',
49 silly get     etag: '"6EVWK4S1VPV74EZT640EUIW89"',
49 silly get     age: '75',
49 silly get     connection: 'keep-alive',
49 silly get     'x-served-by': 'cache-atl6246-ATL',
49 silly get     'x-cache': 'HIT',
49 silly get     'x-cache-hits': '3',
49 silly get     'x-timer': 'S1464538126.914167,VS0,VE0',
49 silly get     vary: 'Accept-Encoding' } ]
50 verbose etag https://registry.npmjs.org/lodash from cache
51 verbose get saving lodash to /Users/rob.cornacchia/.npm/registry.npmjs.org/lodash/.cache.json
52 verbose correctMkdir /Users/rob.cornacchia/.npm correctMkdir not in flight; initializing
53 silly addNameTag next cb for lodash with tag latest
54 silly addNamed lodash@4.13.1
55 verbose addNamed "4.13.1" is a plain semver version for lodash
56 silly cache afterAdd lodash@4.13.1
57 verbose afterAdd /Users/rob.cornacchia/.npm/lodash/4.13.1/package/package.json not in flight; writing
58 verbose correctMkdir /Users/rob.cornacchia/.npm correctMkdir not in flight; initializing
59 verbose afterAdd /Users/rob.cornacchia/.npm/lodash/4.13.1/package/package.json written
60 silly install resolved [ { name: 'lodash',
60 silly install resolved     version: '4.13.1',
60 silly install resolved     description: 'Lodash modular utilities.',
60 silly install resolved     keywords: [ 'modules', 'stdlib', 'util' ],
60 silly install resolved     homepage: 'https://lodash.com/',
60 silly install resolved     repository: { type: 'git', url: 'git+https://github.com/lodash/lodash.git' },
60 silly install resolved     icon: 'https://lodash.com/icon.svg',
60 silly install resolved     license: 'MIT',
60 silly install resolved     main: 'lodash.js',
60 silly install resolved     author:
60 silly install resolved      { name: 'John-David Dalton',
60 silly install resolved        email: 'john.david.dalton@gmail.com',
60 silly install resolved        url: 'http://allyoucanleet.com/' },
60 silly install resolved     contributors: [ [Object], [Object], [Object] ],
60 silly install resolved     scripts: { test: 'echo "See https://travis-ci.org/lodash/lodash-cli for testing details."' },
60 silly install resolved     bugs: { url: 'https://github.com/lodash/lodash/issues' },
60 silly install resolved     _id: 'lodash@4.13.1',
60 silly install resolved     _shasum: '83e4b10913f48496d4d16fec4a560af2ee744b68',
60 silly install resolved     _from: 'lodash@latest',
60 silly install resolved     _npmVersion: '2.14.12',
60 silly install resolved     _nodeVersion: '4.2.4',
60 silly install resolved     _npmUser: { name: 'jdalton', email: 'john.david.dalton@gmail.com' },
60 silly install resolved     dist:
60 silly install resolved      { shasum: '83e4b10913f48496d4d16fec4a560af2ee744b68',
60 silly install resolved        tarball: 'https://registry.npmjs.org/lodash/-/lodash-4.13.1.tgz' },
60 silly install resolved     maintainers: [ [Object], [Object], [Object] ],
60 silly install resolved     _npmOperationalInternal:
60 silly install resolved      { host: 'packages-16-east.internal.npmjs.com',
60 silly install resolved        tmp: 'tmp/lodash-4.13.1.tgz_1464019142054_0.5244540225248784' },
60 silly install resolved     directories: {},
60 silly install resolved     _resolved: 'https://registry.npmjs.org/lodash/-/lodash-4.13.1.tgz',
60 silly install resolved     readme: 'ERROR: No README data found!' } ]
61 info install lodash@4.13.1 into /Users/rob.cornacchia/Desktop/code/react/pluralsight/react_and_flux
62 info installOne lodash@4.13.1
63 verbose installOne of lodash to /Users/rob.cornacchia/Desktop/code/react/pluralsight/react_and_flux not in flight; installing
64 verbose correctMkdir /Users/rob.cornacchia/.npm/_locks correctMkdir not in flight; initializing
65 verbose lock using /Users/rob.cornacchia/.npm/_locks/lodash-a0cba5d555b302c1.lock for /Users/rob.cornacchia/Desktop/code/react/pluralsight/react_and_flux/node_modules/lodash
66 silly install write writing lodash 4.13.1 to /Users/rob.cornacchia/Desktop/code/react/pluralsight/react_and_flux/node_modules/lodash
67 verbose unbuild node_modules/lodash
68 silly gentlyRm /Users/rob.cornacchia/Desktop/code/react/pluralsight/react_and_flux/node_modules/lodash is being purged from base /Users/rob.cornacchia/Desktop/code/react/pluralsight/react_and_flux
69 verbose gentlyRm don't care about contents; nuking /Users/rob.cornacchia/Desktop/code/react/pluralsight/react_and_flux/node_modules/lodash
70 verbose tar unpack /Users/rob.cornacchia/.npm/lodash/4.13.1/package.tgz
71 verbose tar unpacking to /Users/rob.cornacchia/Desktop/code/react/pluralsight/react_and_flux/node_modules/lodash
72 silly gentlyRm /Users/rob.cornacchia/Desktop/code/react/pluralsight/react_and_flux/node_modules/lodash is being purged
73 verbose gentlyRm don't care about contents; nuking /Users/rob.cornacchia/Desktop/code/react/pluralsight/react_and_flux/node_modules/lodash
74 silly gunzTarPerm modes [ '755', '644' ]
75 silly gunzTarPerm extractEntry package.json
76 silly gunzTarPerm extractEntry README.md
77 silly gunzTarPerm extractEntry LICENSE
78 silly gunzTarPerm extractEntry _LazyWrapper.js
79 silly gunzTarPerm extractEntry create.js
80 silly gunzTarPerm extractEntry curry.js
81 silly gunzTarPerm extractEntry _DataView.js
82 silly gunzTarPerm extractEntry countBy.js
83 silly gunzTarPerm extractEntry debounce.js
84 silly gunzTarPerm extractEntry deburr.js
85 silly gunzTarPerm extractEntry defaults.js
86 silly gunzTarPerm extractEntry defaultsDeep.js
87 silly gunzTarPerm extractEntry defer.js
88 silly gunzTarPerm extractEntry core.min.js
89 silly gunzTarPerm extractEntry delay.js
90 silly gunzTarPerm extractEntry core.js
91 silly gunzTarPerm extractEntry difference.js
92 silly gunzTarPerm extractEntry constant.js
93 silly gunzTarPerm extractEntry differenceBy.js
94 silly gunzTarPerm extractEntry conforms.js
95 silly gunzTarPerm extractEntry differenceWith.js
96 silly gunzTarPerm extractEntry cond.js
97 silly gunzTarPerm extractEntry divide.js
98 silly gunzTarPerm extractEntry concat.js
99 silly gunzTarPerm extractEntry drop.js
100 silly gunzTarPerm extractEntry compact.js
101 silly gunzTarPerm extractEntry dropRight.js
102 silly gunzTarPerm extractEntry commit.js
103 silly gunzTarPerm extractEntry dropRightWhile.js
104 silly gunzTarPerm extractEntry collection.js
105 silly gunzTarPerm extractEntry dropWhile.js
106 silly gunzTarPerm extractEntry cloneWith.js
107 silly gunzTarPerm extractEntry each.js
108 silly gunzTarPerm extractEntry cloneDeepWith.js
109 silly gunzTarPerm extractEntry eachRight.js
110 silly gunzTarPerm extractEntry cloneDeep.js
111 silly gunzTarPerm extractEntry endsWith.js
112 silly gunzTarPerm extractEntry clone.js
113 silly gunzTarPerm extractEntry entries.js
114 silly gunzTarPerm extractEntry clamp.js
115 silly gunzTarPerm extractEntry entriesIn.js
116 silly gunzTarPerm extractEntry chunk.js
117 silly gunzTarPerm extractEntry eq.js
118 silly gunzTarPerm extractEntry chain.js
119 silly gunzTarPerm extractEntry escape.js
120 silly gunzTarPerm extractEntry ceil.js
121 silly gunzTarPerm extractEntry escapeRegExp.js
122 silly gunzTarPerm extractEntry castArray.js
123 silly gunzTarPerm extractEntry every.js
124 silly gunzTarPerm extractEntry capitalize.js
125 silly gunzTarPerm extractEntry extend.js
126 silly gunzTarPerm extractEntry camelCase.js
127 silly gunzTarPerm extractEntry extendWith.js
128 silly gunzTarPerm extractEntry bindKey.js
129 silly gunzTarPerm extractEntry fill.js
130 silly gunzTarPerm extractEntry bindAll.js
131 silly gunzTarPerm extractEntry filter.js
132 silly gunzTarPerm extractEntry bind.js
133 silly gunzTarPerm extractEntry find.js
134 silly gunzTarPerm extractEntry before.js
135 silly gunzTarPerm extractEntry findIndex.js
136 silly gunzTarPerm extractEntry attempt.js
137 silly gunzTarPerm extractEntry findKey.js
138 silly gunzTarPerm extractEntry at.js
139 silly gunzTarPerm extractEntry findLast.js
140 silly gunzTarPerm extractEntry assignWith.js
141 silly gunzTarPerm extractEntry findLastIndex.js
142 silly gunzTarPerm extractEntry assignInWith.js
143 silly gunzTarPerm extractEntry findLastKey.js
144 silly gunzTarPerm extractEntry assignIn.js
145 silly gunzTarPerm extractEntry first.js
146 silly gunzTarPerm extractEntry assign.js
147 silly gunzTarPerm extractEntry flatMap.js
148 silly gunzTarPerm extractEntry ary.js
149 silly gunzTarPerm extractEntry flatMapDeep.js
150 silly gunzTarPerm extractEntry array.js
151 silly gunzTarPerm extractEntry flatMapDepth.js
152 silly gunzTarPerm extractEntry after.js
153 silly gunzTarPerm extractEntry flatten.js
154 silly gunzTarPerm extractEntry add.js
155 silly gunzTarPerm extractEntry flattenDeep.js
156 silly gunzTarPerm extractEntry _wrapperClone.js
157 silly gunzTarPerm extractEntry flattenDepth.js
158 silly gunzTarPerm extractEntry _unescapeHtmlChar.js
159 silly gunzTarPerm extractEntry flip.js
160 silly gunzTarPerm extractEntry _toSource.js
161 silly gunzTarPerm extractEntry floor.js
162 silly gunzTarPerm extractEntry _toKey.js
163 silly gunzTarPerm extractEntry flow.js
164 silly gunzTarPerm extractEntry _stringToPath.js
165 silly gunzTarPerm extractEntry flowRight.js
166 silly gunzTarPerm extractEntry _stringToArray.js
167 silly gunzTarPerm extractEntry forEach.js
168 silly gunzTarPerm extractEntry _stringSize.js
169 silly gunzTarPerm extractEntry forEachRight.js
170 silly gunzTarPerm extractEntry _stackSet.js
171 silly gunzTarPerm extractEntry forIn.js
172 silly gunzTarPerm extractEntry _stackHas.js
173 silly gunzTarPerm extractEntry forInRight.js
174 silly gunzTarPerm extractEntry _stackGet.js
175 silly gunzTarPerm extractEntry forOwn.js
176 silly gunzTarPerm extractEntry _stackDelete.js
177 silly gunzTarPerm extractEntry forOwnRight.js
178 silly gunzTarPerm extractEntry _stackClear.js
179 silly gunzTarPerm extractEntry zipObjectDeep.js
180 silly gunzTarPerm extractEntry _setToPairs.js
181 silly gunzTarPerm extractEntry fp.js
182 silly gunzTarPerm extractEntry _setToArray.js
183 silly gunzTarPerm extractEntry fromPairs.js
184 silly gunzTarPerm extractEntry _setData.js
185 silly gunzTarPerm extractEntry function.js
186 silly gunzTarPerm extractEntry _setCacheHas.js
187 silly gunzTarPerm extractEntry functions.js
188 silly gunzTarPerm extractEntry _setCacheAdd.js
189 silly gunzTarPerm extractEntry functionsIn.js
190 silly gunzTarPerm extractEntry _root.js
191 silly gunzTarPerm extractEntry get.js
192 silly gunzTarPerm extractEntry _replaceHolders.js
193 silly gunzTarPerm extractEntry groupBy.js
194 silly gunzTarPerm extractEntry _reorder.js
195 silly gunzTarPerm extractEntry gt.js
196 silly gunzTarPerm extractEntry _realNames.js
197 silly gunzTarPerm extractEntry gte.js
198 silly gunzTarPerm extractEntry _reInterpolate.js
199 silly gunzTarPerm extractEntry has.js
200 silly gunzTarPerm extractEntry _reHasComplexSymbol.js
201 silly gunzTarPerm extractEntry hasIn.js
202 silly gunzTarPerm extractEntry _reEvaluate.js
203 silly gunzTarPerm extractEntry head.js
204 silly gunzTarPerm extractEntry _reEscape.js
205 silly gunzTarPerm extractEntry identity.js
206 silly gunzTarPerm extractEntry _parent.js
207 silly gunzTarPerm extractEntry inRange.js
208 silly gunzTarPerm extractEntry _nativeCreate.js
209 silly gunzTarPerm extractEntry includes.js
210 silly gunzTarPerm extractEntry _metaMap.js
211 silly gunzTarPerm extractEntry index.js
212 silly gunzTarPerm extractEntry _mergeDefaults.js
213 silly gunzTarPerm extractEntry indexOf.js
214 silly gunzTarPerm extractEntry _mergeData.js
215 silly gunzTarPerm extractEntry initial.js
216 silly gunzTarPerm extractEntry _matchesStrictComparable.js
217 silly gunzTarPerm extractEntry intersection.js
218 silly gunzTarPerm extractEntry _mapToArray.js
219 silly gunzTarPerm extractEntry intersectionBy.js
220 silly gunzTarPerm extractEntry _mapCacheSet.js
221 silly gunzTarPerm extractEntry intersectionWith.js
222 silly gunzTarPerm extractEntry _mapCacheHas.js
223 silly gunzTarPerm extractEntry invert.js
224 silly gunzTarPerm extractEntry _mapCacheGet.js
225 silly gunzTarPerm extractEntry invertBy.js
226 silly gunzTarPerm extractEntry _mapCacheDelete.js
227 silly gunzTarPerm extractEntry invoke.js
228 silly gunzTarPerm extractEntry _mapCacheClear.js
229 silly gunzTarPerm extractEntry invokeMap.js
230 silly gunzTarPerm extractEntry _listCacheSet.js
231 silly gunzTarPerm extractEntry isArguments.js
232 silly gunzTarPerm extractEntry _listCacheHas.js
233 silly gunzTarPerm extractEntry isArray.js
234 silly gunzTarPerm extractEntry _listCacheGet.js
235 silly gunzTarPerm extractEntry isArrayBuffer.js
236 silly gunzTarPerm extractEntry _listCacheDelete.js
237 silly gunzTarPerm extractEntry isArrayLike.js
238 silly gunzTarPerm extractEntry _listCacheClear.js
239 silly gunzTarPerm extractEntry isArrayLikeObject.js
240 silly gunzTarPerm extractEntry _lazyValue.js
241 silly gunzTarPerm extractEntry isBoolean.js
242 silly gunzTarPerm extractEntry _lazyReverse.js
243 silly gunzTarPerm extractEntry isBuffer.js
244 silly gunzTarPerm extractEntry _lazyClone.js
245 silly gunzTarPerm extractEntry isDate.js
246 silly gunzTarPerm extractEntry _iteratorToArray.js
247 silly gunzTarPerm extractEntry isElement.js
248 silly gunzTarPerm extractEntry _isStrictComparable.js
249 silly gunzTarPerm extractEntry isEmpty.js
250 silly gunzTarPerm extractEntry _isPrototype.js
251 silly gunzTarPerm extractEntry isEqual.js
252 silly gunzTarPerm extractEntry _isMasked.js
253 silly gunzTarPerm extractEntry isEqualWith.js
254 silly gunzTarPerm extractEntry _isMaskable.js
255 silly gunzTarPerm extractEntry isError.js
256 silly gunzTarPerm extractEntry _isLaziable.js
257 silly gunzTarPerm extractEntry isFinite.js
258 silly gunzTarPerm extractEntry _isKeyable.js
259 silly gunzTarPerm extractEntry isFunction.js
260 silly gunzTarPerm extractEntry _isKey.js
261 silly gunzTarPerm extractEntry isInteger.js
262 silly gunzTarPerm extractEntry _isIterateeCall.js
263 silly gunzTarPerm extractEntry isLength.js
264 silly gunzTarPerm extractEntry _isIndex.js
265 silly gunzTarPerm extractEntry isMap.js
266 silly gunzTarPerm extractEntry _isHostObject.js
267 silly gunzTarPerm extractEntry isMatch.js
268 silly gunzTarPerm extractEntry _isFlattenableIteratee.js
269 silly gunzTarPerm extractEntry isMatchWith.js
270 silly gunzTarPerm extractEntry _isFlattenable.js
271 silly gunzTarPerm extractEntry isNaN.js
272 silly gunzTarPerm extractEntry _initCloneObject.js
273 silly gunzTarPerm extractEntry isNative.js
274 silly gunzTarPerm extractEntry _initCloneByTag.js
275 silly gunzTarPerm extractEntry isNil.js
276 silly gunzTarPerm extractEntry _initCloneArray.js
277 silly gunzTarPerm extractEntry isNull.js
278 silly gunzTarPerm extractEntry _indexOfNaN.js
279 silly gunzTarPerm extractEntry isNumber.js
280 silly gunzTarPerm extractEntry _indexKeys.js
281 silly gunzTarPerm extractEntry isObject.js
282 silly gunzTarPerm extractEntry _hashSet.js
283 silly gunzTarPerm extractEntry isObjectLike.js
284 silly gunzTarPerm extractEntry _hashHas.js
285 silly gunzTarPerm extractEntry isPlainObject.js
286 silly gunzTarPerm extractEntry _hashGet.js
287 silly gunzTarPerm extractEntry isRegExp.js
288 silly gunzTarPerm extractEntry _hashDelete.js
289 silly gunzTarPerm extractEntry isSafeInteger.js
290 silly gunzTarPerm extractEntry _hashClear.js
291 silly gunzTarPerm extractEntry isSet.js
292 silly gunzTarPerm extractEntry _hasPath.js
293 silly gunzTarPerm extractEntry isString.js
294 silly gunzTarPerm extractEntry _getView.js
295 silly gunzTarPerm extractEntry isSymbol.js
296 silly gunzTarPerm extractEntry _getValue.js
297 silly gunzTarPerm extractEntry isTypedArray.js
298 silly gunzTarPerm extractEntry _getTag.js
299 silly gunzTarPerm extractEntry isUndefined.js
300 silly gunzTarPerm extractEntry _getSymbolsIn.js
301 silly gunzTarPerm extractEntry isWeakMap.js
302 silly gunzTarPerm extractEntry _getSymbols.js
303 silly gunzTarPerm extractEntry isWeakSet.js
304 silly gunzTarPerm extractEntry _getPrototype.js
305 silly gunzTarPerm extractEntry iteratee.js
306 silly gunzTarPerm extractEntry _getNative.js
307 silly gunzTarPerm extractEntry join.js
308 silly gunzTarPerm extractEntry _getMatchData.js
309 silly gunzTarPerm extractEntry kebabCase.js
310 silly gunzTarPerm extractEntry _getMapData.js
311 silly gunzTarPerm extractEntry keyBy.js
312 silly gunzTarPerm extractEntry _getLength.js
313 silly gunzTarPerm extractEntry keys.js
314 silly gunzTarPerm extractEntry _getHolder.js
315 silly gunzTarPerm extractEntry keysIn.js
316 silly gunzTarPerm extractEntry _getFuncName.js
317 silly gunzTarPerm extractEntry lang.js
318 silly gunzTarPerm extractEntry _getData.js
319 silly gunzTarPerm extractEntry last.js
320 silly gunzTarPerm extractEntry _getAllKeysIn.js
321 silly gunzTarPerm extractEntry lastIndexOf.js
322 silly gunzTarPerm extractEntry _getAllKeys.js
323 silly gunzTarPerm extractEntry lodash.js
324 silly gunzTarPerm extractEntry _escapeStringChar.js
325 silly gunzTarPerm extractEntry lodash.min.js
326 silly gunzTarPerm extractEntry _escapeHtmlChar.js
327 silly gunzTarPerm extractEntry lowerCase.js
328 silly gunzTarPerm extractEntry _equalObjects.js
329 silly gunzTarPerm extractEntry lowerFirst.js
330 silly gunzTarPerm extractEntry _equalByTag.js
331 silly gunzTarPerm extractEntry lt.js
332 silly gunzTarPerm extractEntry _equalArrays.js
333 silly gunzTarPerm extractEntry lte.js
334 silly gunzTarPerm extractEntry _deburrLetter.js
335 silly gunzTarPerm extractEntry map.js
336 silly gunzTarPerm extractEntry _createWrapper.js
337 silly gunzTarPerm extractEntry mapKeys.js
338 silly gunzTarPerm extractEntry _createToPairs.js
339 silly gunzTarPerm extractEntry mapValues.js
340 silly gunzTarPerm extractEntry _createSet.js
341 silly gunzTarPerm extractEntry matches.js
342 silly gunzTarPerm extractEntry _createRound.js
343 silly gunzTarPerm extractEntry matchesProperty.js
344 silly gunzTarPerm extractEntry _createRelationalOperation.js
345 silly gunzTarPerm extractEntry math.js
346 silly gunzTarPerm extractEntry _createRecurryWrapper.js
347 silly gunzTarPerm extractEntry max.js
348 silly gunzTarPerm extractEntry _createRange.js
349 silly gunzTarPerm extractEntry maxBy.js
350 silly gunzTarPerm extractEntry _createPartialWrapper.js
351 silly gunzTarPerm extractEntry mean.js
352 silly gunzTarPerm extractEntry _createPadding.js
353 silly gunzTarPerm extractEntry meanBy.js
354 silly gunzTarPerm extractEntry _createOver.js
355 silly gunzTarPerm extractEntry memoize.js
356 silly gunzTarPerm extractEntry _createMathOperation.js
357 silly gunzTarPerm extractEntry merge.js
358 silly gunzTarPerm extractEntry _createInverter.js
359 silly gunzTarPerm extractEntry mergeWith.js
360 silly gunzTarPerm extractEntry _createHybridWrapper.js
361 silly gunzTarPerm extractEntry method.js
362 silly gunzTarPerm extractEntry _createFlow.js
363 silly gunzTarPerm extractEntry methodOf.js
364 silly gunzTarPerm extractEntry _createFind.js
365 silly gunzTarPerm extractEntry min.js
366 silly gunzTarPerm extractEntry _createCurryWrapper.js
367 silly gunzTarPerm extractEntry minBy.js
368 silly gunzTarPerm extractEntry _createCtorWrapper.js
369 silly gunzTarPerm extractEntry mixin.js
370 silly gunzTarPerm extractEntry _createCompounder.js
371 silly gunzTarPerm extractEntry multiply.js
372 silly gunzTarPerm extractEntry _createCaseFirst.js
373 silly gunzTarPerm extractEntry negate.js
374 silly gunzTarPerm extractEntry _createBaseWrapper.js
375 silly gunzTarPerm extractEntry next.js
376 silly gunzTarPerm extractEntry _createBaseFor.js
377 silly gunzTarPerm extractEntry noop.js
378 silly gunzTarPerm extractEntry _createBaseEach.js
379 silly gunzTarPerm extractEntry now.js
380 silly gunzTarPerm extractEntry _createAssigner.js
381 silly gunzTarPerm extractEntry nth.js
382 silly gunzTarPerm extractEntry _createAggregator.js
383 silly gunzTarPerm extractEntry nthArg.js
384 silly gunzTarPerm extractEntry _countHolders.js
385 silly gunzTarPerm extractEntry number.js
386 silly gunzTarPerm extractEntry _coreJsData.js
387 silly gunzTarPerm extractEntry object.js
388 silly gunzTarPerm extractEntry _copySymbols.js
389 silly gunzTarPerm extractEntry omit.js
390 silly gunzTarPerm extractEntry _copyObject.js
391 silly gunzTarPerm extractEntry omitBy.js
392 silly gunzTarPerm extractEntry _copyArray.js
393 silly gunzTarPerm extractEntry once.js
394 silly gunzTarPerm extractEntry _composeArgsRight.js
395 silly gunzTarPerm extractEntry orderBy.js
396 silly gunzTarPerm extractEntry _composeArgs.js
397 silly gunzTarPerm extractEntry over.js
398 silly gunzTarPerm extractEntry _compareMultiple.js
399 silly gunzTarPerm extractEntry overArgs.js
400 silly gunzTarPerm extractEntry _compareAscending.js
401 silly gunzTarPerm extractEntry overEvery.js
402 silly gunzTarPerm extractEntry _cloneTypedArray.js
403 silly gunzTarPerm extractEntry overSome.js
404 silly gunzTarPerm extractEntry _cloneSymbol.js
405 silly gunzTarPerm extractEntry _Hash.js
406 silly gunzTarPerm extractEntry _cloneSet.js
407 silly gunzTarPerm extractEntry pad.js
408 silly gunzTarPerm extractEntry _cloneRegExp.js
409 silly gunzTarPerm extractEntry padEnd.js
410 silly gunzTarPerm extractEntry _cloneMap.js
411 silly gunzTarPerm extractEntry padStart.js
412 silly gunzTarPerm extractEntry _cloneDataView.js
413 silly gunzTarPerm extractEntry parseInt.js
414 silly gunzTarPerm extractEntry _cloneBuffer.js
415 silly gunzTarPerm extractEntry partial.js
416 silly gunzTarPerm extractEntry _cloneArrayBuffer.js
417 silly gunzTarPerm extractEntry partialRight.js
418 silly gunzTarPerm extractEntry _checkGlobal.js
419 silly gunzTarPerm extractEntry partition.js
420 silly gunzTarPerm extractEntry _charsStartIndex.js
421 silly gunzTarPerm extractEntry pick.js
422 silly gunzTarPerm extractEntry _charsEndIndex.js
423 silly gunzTarPerm extractEntry pickBy.js
424 silly gunzTarPerm extractEntry _castSlice.js
425 silly gunzTarPerm extractEntry plant.js
426 silly gunzTarPerm extractEntry _castPath.js
427 silly gunzTarPerm extractEntry property.js
428 silly gunzTarPerm extractEntry _castFunction.js
429 silly gunzTarPerm extractEntry propertyOf.js
430 silly gunzTarPerm extractEntry _castArrayLikeObject.js
431 silly gunzTarPerm extractEntry pull.js
432 silly gunzTarPerm extractEntry _cacheHas.js
433 silly gunzTarPerm extractEntry pullAll.js
434 silly gunzTarPerm extractEntry _baseZipObject.js
435 silly gunzTarPerm extractEntry pullAllBy.js
436 silly gunzTarPerm extractEntry _baseXor.js
437 silly gunzTarPerm extractEntry pullAllWith.js
438 silly gunzTarPerm extractEntry _baseWrapperValue.js
439 silly gunzTarPerm extractEntry pullAt.js
440 silly gunzTarPerm extractEntry _baseWhile.js
441 silly gunzTarPerm extractEntry random.js
442 silly gunzTarPerm extractEntry _baseValues.js
443 silly gunzTarPerm extractEntry range.js
444 silly gunzTarPerm extractEntry _baseUpdate.js
445 silly gunzTarPerm extractEntry rangeRight.js
446 silly gunzTarPerm extractEntry _baseUnset.js
447 silly gunzTarPerm extractEntry rearg.js
448 silly gunzTarPerm extractEntry _baseUniq.js
449 silly gunzTarPerm extractEntry reduce.js
450 silly gunzTarPerm extractEntry _baseUnary.js
451 silly gunzTarPerm extractEntry reduceRight.js
452 silly gunzTarPerm extractEntry _baseToString.js
453 silly gunzTarPerm extractEntry reject.js
454 silly gunzTarPerm extractEntry _baseToPairs.js
455 silly gunzTarPerm extractEntry remove.js
456 silly gunzTarPerm extractEntry _baseToNumber.js
457 silly gunzTarPerm extractEntry repeat.js
458 silly gunzTarPerm extractEntry _baseTimes.js
459 silly gunzTarPerm extractEntry replace.js
460 silly gunzTarPerm extractEntry _baseSum.js
461 silly gunzTarPerm extractEntry rest.js
462 silly gunzTarPerm extractEntry _baseSortedUniq.js
463 silly gunzTarPerm extractEntry result.js
464 silly gunzTarPerm extractEntry _baseSortedIndexBy.js
465 silly gunzTarPerm extractEntry reverse.js
466 silly gunzTarPerm extractEntry _baseSortedIndex.js
467 silly gunzTarPerm extractEntry round.js
468 silly gunzTarPerm extractEntry _baseSortBy.js
469 silly gunzTarPerm extractEntry sample.js
470 silly gunzTarPerm extractEntry _baseSome.js
471 silly gunzTarPerm extractEntry sampleSize.js
472 silly gunzTarPerm extractEntry _baseSlice.js
473 silly gunzTarPerm extractEntry seq.js
474 silly gunzTarPerm extractEntry _baseSetData.js
475 silly gunzTarPerm extractEntry set.js
476 silly gunzTarPerm extractEntry _baseSet.js
477 silly gunzTarPerm extractEntry setWith.js
478 silly gunzTarPerm extractEntry _baseRepeat.js
479 silly gunzTarPerm extractEntry shuffle.js
480 silly gunzTarPerm extractEntry _baseReduce.js
481 silly gunzTarPerm extractEntry size.js
482 silly gunzTarPerm extractEntry _baseRange.js
483 silly gunzTarPerm extractEntry slice.js
484 silly gunzTarPerm extractEntry _baseRandom.js
485 silly gunzTarPerm extractEntry snakeCase.js
486 silly gunzTarPerm extractEntry _basePullAt.js
487 silly gunzTarPerm extractEntry some.js
488 silly gunzTarPerm extractEntry _basePullAll.js
489 silly gunzTarPerm extractEntry sortBy.js
490 silly gunzTarPerm extractEntry _basePropertyDeep.js
491 silly gunzTarPerm extractEntry sortedIndex.js
492 silly gunzTarPerm extractEntry _baseProperty.js
493 silly gunzTarPerm extractEntry sortedIndexBy.js
494 silly gunzTarPerm extractEntry _basePickBy.js
495 silly gunzTarPerm extractEntry sortedIndexOf.js
496 silly gunzTarPerm extractEntry _basePick.js
497 silly gunzTarPerm extractEntry sortedLastIndex.js
498 silly gunzTarPerm extractEntry _baseOrderBy.js
499 silly gunzTarPerm extractEntry sortedLastIndexBy.js
500 silly gunzTarPerm extractEntry _baseNth.js
501 silly gunzTarPerm extractEntry sortedLastIndexOf.js
502 silly gunzTarPerm extractEntry _baseMergeDeep.js
503 silly gunzTarPerm extractEntry sortedUniq.js
504 silly gunzTarPerm extractEntry _baseMerge.js
505 silly gunzTarPerm extractEntry sortedUniqBy.js
506 silly gunzTarPerm extractEntry _baseMean.js
507 silly gunzTarPerm extractEntry split.js
508 silly gunzTarPerm extractEntry _baseMatchesProperty.js
509 silly gunzTarPerm extractEntry spread.js
510 silly gunzTarPerm extractEntry _baseMatches.js
511 silly gunzTarPerm extractEntry startCase.js
512 silly gunzTarPerm extractEntry _baseMap.js
513 silly gunzTarPerm extractEntry startsWith.js
514 silly gunzTarPerm extractEntry _baseLt.js
515 silly gunzTarPerm extractEntry string.js
516 silly gunzTarPerm extractEntry _baseLodash.js
517 silly gunzTarPerm extractEntry stubArray.js
518 silly gunzTarPerm extractEntry _baseKeysIn.js
519 silly gunzTarPerm extractEntry stubFalse.js
520 silly gunzTarPerm extractEntry _baseKeys.js
521 silly gunzTarPerm extractEntry stubObject.js
522 silly gunzTarPerm extractEntry _baseIteratee.js
523 silly gunzTarPerm extractEntry stubString.js
524 silly gunzTarPerm extractEntry _baseIsNative.js
525 silly gunzTarPerm extractEntry stubTrue.js
526 silly gunzTarPerm extractEntry _baseIsMatch.js
527 silly gunzTarPerm extractEntry subtract.js
528 silly gunzTarPerm extractEntry _baseIsEqualDeep.js
529 silly gunzTarPerm extractEntry sum.js
530 silly gunzTarPerm extractEntry _baseIsEqual.js
531 silly gunzTarPerm extractEntry sumBy.js
532 silly gunzTarPerm extractEntry _baseInvoke.js
533 silly gunzTarPerm extractEntry tail.js
534 silly gunzTarPerm extractEntry _baseInverter.js
535 silly gunzTarPerm extractEntry take.js
536 silly gunzTarPerm extractEntry _baseIntersection.js
537 silly gunzTarPerm extractEntry takeRight.js
538 silly gunzTarPerm extractEntry _baseIndexOfWith.js
539 silly gunzTarPerm extractEntry takeRightWhile.js
540 silly gunzTarPerm extractEntry _baseIndexOf.js
541 silly gunzTarPerm extractEntry takeWhile.js
542 silly gunzTarPerm extractEntry _baseInRange.js
543 silly gunzTarPerm extractEntry tap.js
544 silly gunzTarPerm extractEntry _baseHasIn.js
545 silly gunzTarPerm extractEntry template.js
546 silly gunzTarPerm extractEntry _baseHas.js
547 silly gunzTarPerm extractEntry templateSettings.js
548 silly gunzTarPerm extractEntry _baseGt.js
549 silly gunzTarPerm extractEntry throttle.js
550 silly gunzTarPerm extractEntry _baseGetAllKeys.js
551 silly gunzTarPerm extractEntry thru.js
552 silly gunzTarPerm extractEntry _baseGet.js
553 silly gunzTarPerm extractEntry times.js
554 silly gunzTarPerm extractEntry _baseFunctions.js
555 silly gunzTarPerm extractEntry toArray.js
556 silly gunzTarPerm extractEntry _baseForRight.js
557 silly gunzTarPerm extractEntry toFinite.js
558 silly gunzTarPerm extractEntry _baseForOwnRight.js
559 silly gunzTarPerm extractEntry toInteger.js
560 silly gunzTarPerm extractEntry _baseForOwn.js
561 silly gunzTarPerm extractEntry toIterator.js
562 silly gunzTarPerm extractEntry _baseFor.js
563 silly gunzTarPerm extractEntry toJSON.js
564 silly gunzTarPerm extractEntry _baseFlatten.js
565 silly gunzTarPerm extractEntry toLength.js
566 silly gunzTarPerm extractEntry _baseFindKey.js
567 silly gunzTarPerm extractEntry toLower.js
568 silly gunzTarPerm extractEntry _baseFindIndex.js
569 silly gunzTarPerm extractEntry toNumber.js
570 silly gunzTarPerm extractEntry _baseFilter.js
571 silly gunzTarPerm extractEntry toPairs.js
572 silly gunzTarPerm extractEntry _baseFill.js
573 silly gunzTarPerm extractEntry toPairsIn.js
574 silly gunzTarPerm extractEntry _baseExtremum.js
575 silly gunzTarPerm extractEntry toPath.js
576 silly gunzTarPerm extractEntry _baseEvery.js
577 silly gunzTarPerm extractEntry toPlainObject.js
578 silly gunzTarPerm extractEntry _baseEachRight.js
579 silly gunzTarPerm extractEntry toSafeInteger.js
580 silly gunzTarPerm extractEntry _baseEach.js
581 silly gunzTarPerm extractEntry toString.js
582 silly gunzTarPerm extractEntry _baseDifference.js
583 silly gunzTarPerm extractEntry toUpper.js
584 silly gunzTarPerm extractEntry _baseDelay.js
585 silly gunzTarPerm extractEntry transform.js
586 silly gunzTarPerm extractEntry _baseCreate.js
587 silly gunzTarPerm extractEntry trim.js
588 silly gunzTarPerm extractEntry _baseConforms.js
589 silly gunzTarPerm extractEntry trimEnd.js
590 silly gunzTarPerm extractEntry _baseClone.js
591 silly gunzTarPerm extractEntry trimStart.js
592 silly gunzTarPerm extractEntry _baseClamp.js
593 silly gunzTarPerm extractEntry truncate.js
594 silly gunzTarPerm extractEntry _baseAt.js
595 silly gunzTarPerm extractEntry unary.js
596 silly gunzTarPerm extractEntry _baseAssign.js
597 silly gunzTarPerm extractEntry unescape.js
598 silly gunzTarPerm extractEntry _baseAggregator.js
599 silly gunzTarPerm extractEntry union.js
600 silly gunzTarPerm extractEntry _assocIndexOf.js
601 silly gunzTarPerm extractEntry unionBy.js
602 silly gunzTarPerm extractEntry _assignValue.js
603 silly gunzTarPerm extractEntry unionWith.js
604 silly gunzTarPerm extractEntry _assignMergeValue.js
605 silly gunzTarPerm extractEntry uniq.js
606 silly gunzTarPerm extractEntry _assignInDefaults.js
607 silly gunzTarPerm extractEntry uniqBy.js
608 silly gunzTarPerm extractEntry _arraySome.js
609 silly gunzTarPerm extractEntry uniqWith.js
610 silly gunzTarPerm extractEntry _arrayReduceRight.js
611 silly gunzTarPerm extractEntry uniqueId.js
612 silly gunzTarPerm extractEntry _arrayReduce.js
613 silly gunzTarPerm extractEntry unset.js
614 silly gunzTarPerm extractEntry _arrayPush.js
615 silly gunzTarPerm extractEntry unzip.js
616 silly gunzTarPerm extractEntry _arrayMap.js
617 silly gunzTarPerm extractEntry unzipWith.js
618 silly gunzTarPerm extractEntry _arrayIncludesWith.js
619 silly gunzTarPerm extractEntry update.js
620 silly gunzTarPerm extractEntry _arrayIncludes.js
621 silly gunzTarPerm extractEntry updateWith.js
622 silly gunzTarPerm extractEntry _arrayFilter.js
623 silly gunzTarPerm extractEntry upperCase.js
624 silly gunzTarPerm extractEntry _arrayEvery.js
625 silly gunzTarPerm extractEntry upperFirst.js
626 silly gunzTarPerm extractEntry _arrayEachRight.js
627 silly gunzTarPerm extractEntry util.js
628 silly gunzTarPerm extractEntry _arrayEach.js
629 silly gunzTarPerm extractEntry value.js
630 silly gunzTarPerm extractEntry _arrayAggregator.js
631 silly gunzTarPerm extractEntry valueOf.js
632 silly gunzTarPerm extractEntry _apply.js
633 silly gunzTarPerm extractEntry values.js
634 silly gunzTarPerm extractEntry _addSetEntry.js
635 silly gunzTarPerm extractEntry valuesIn.js
636 silly gunzTarPerm extractEntry _addMapEntry.js
637 silly gunzTarPerm extractEntry without.js
638 silly gunzTarPerm extractEntry _WeakMap.js
639 silly gunzTarPerm extractEntry words.js
640 silly gunzTarPerm extractEntry _Uint8Array.js
641 silly gunzTarPerm extractEntry wrap.js
642 silly gunzTarPerm extractEntry _Symbol.js
643 silly gunzTarPerm extractEntry wrapperAt.js
644 silly gunzTarPerm extractEntry _Stack.js
645 silly gunzTarPerm extractEntry wrapperChain.js
646 silly gunzTarPerm extractEntry _SetCache.js
647 silly gunzTarPerm extractEntry wrapperLodash.js
648 silly gunzTarPerm extractEntry _Set.js
649 silly gunzTarPerm extractEntry wrapperReverse.js
650 silly gunzTarPerm extractEntry _Reflect.js
651 silly gunzTarPerm extractEntry wrapperValue.js
652 silly gunzTarPerm extractEntry _Promise.js
653 silly gunzTarPerm extractEntry xor.js
654 silly gunzTarPerm extractEntry _MapCache.js
655 silly gunzTarPerm extractEntry xorBy.js
656 silly gunzTarPerm extractEntry _Map.js
657 silly gunzTarPerm extractEntry xorWith.js
658 silly gunzTarPerm extractEntry _LodashWrapper.js
659 silly gunzTarPerm extractEntry zip.js
660 silly gunzTarPerm extractEntry _ListCache.js
661 silly gunzTarPerm extractEntry zipObject.js
662 silly gunzTarPerm extractEntry date.js
663 silly gunzTarPerm extractEntry zipWith.js
664 silly gunzTarPerm extractEntry curryRight.js
665 silly gunzTarPerm extractEntry fp/__.js
666 silly gunzTarPerm extractEntry fp/lastIndexOf.js
667 silly gunzTarPerm extractEntry fp/lastIndexOfFrom.js
668 silly gunzTarPerm extractEntry fp/lowerCase.js
669 silly gunzTarPerm extractEntry fp/last.js
670 silly gunzTarPerm extractEntry fp/lt.js
671 silly gunzTarPerm extractEntry fp/lte.js
672 silly gunzTarPerm extractEntry fp/map.js
673 silly gunzTarPerm extractEntry fp/mapKeys.js
674 silly gunzTarPerm extractEntry fp/mapValues.js
675 silly gunzTarPerm extractEntry fp/lang.js
676 silly gunzTarPerm extractEntry fp/matches.js
677 silly gunzTarPerm extractEntry fp/keysIn.js
678 silly gunzTarPerm extractEntry fp/matchesProperty.js
679 silly gunzTarPerm extractEntry fp/keys.js
680 silly gunzTarPerm extractEntry fp/math.js
681 silly gunzTarPerm extractEntry fp/keyBy.js
682 silly gunzTarPerm extractEntry fp/max.js
683 silly gunzTarPerm extractEntry fp/kebabCase.js
684 silly gunzTarPerm extractEntry fp/maxBy.js
685 silly gunzTarPerm extractEntry fp/juxt.js
686 silly gunzTarPerm extractEntry fp/mean.js
687 silly gunzTarPerm extractEntry fp/join.js
688 silly gunzTarPerm extractEntry fp/meanBy.js
689 silly gunzTarPerm extractEntry fp/iteratee.js
690 silly gunzTarPerm extractEntry fp/memoize.js
691 silly gunzTarPerm extractEntry fp/isWeakSet.js
692 silly gunzTarPerm extractEntry fp/merge.js
693 silly gunzTarPerm extractEntry fp/isWeakMap.js
694 silly gunzTarPerm extractEntry fp/mergeWith.js
695 silly gunzTarPerm extractEntry fp/isUndefined.js
696 silly gunzTarPerm extractEntry fp/method.js
697 silly gunzTarPerm extractEntry fp/isTypedArray.js
698 silly gunzTarPerm extractEntry fp/methodOf.js
699 silly gunzTarPerm extractEntry fp/isSymbol.js
700 silly gunzTarPerm extractEntry fp/min.js
701 silly gunzTarPerm extractEntry fp/isString.js
702 silly gunzTarPerm extractEntry fp/minBy.js
703 silly gunzTarPerm extractEntry fp/isSet.js
704 silly gunzTarPerm extractEntry fp/mixin.js
705 silly gunzTarPerm extractEntry fp/isSafeInteger.js
706 silly gunzTarPerm extractEntry fp/multiply.js
707 silly gunzTarPerm extractEntry fp/isRegExp.js
708 silly gunzTarPerm extractEntry fp/nAry.js
709 silly gunzTarPerm extractEntry fp/isPlainObject.js
710 silly gunzTarPerm extractEntry fp/negate.js
711 silly gunzTarPerm extractEntry fp/isObjectLike.js
712 silly gunzTarPerm extractEntry fp/next.js
713 silly gunzTarPerm extractEntry fp/isObject.js
714 silly gunzTarPerm extractEntry fp/noop.js
715 silly gunzTarPerm extractEntry fp/isNumber.js
716 silly gunzTarPerm extractEntry fp/now.js
717 silly gunzTarPerm extractEntry fp/isNull.js
718 silly gunzTarPerm extractEntry fp/nth.js
719 silly gunzTarPerm extractEntry fp/isNil.js
720 silly gunzTarPerm extractEntry fp/nthArg.js
721 silly gunzTarPerm extractEntry fp/isNative.js
722 silly gunzTarPerm extractEntry fp/number.js
723 silly gunzTarPerm extractEntry fp/isNaN.js
724 silly gunzTarPerm extractEntry fp/object.js
725 silly gunzTarPerm extractEntry fp/isMatchWith.js
726 silly gunzTarPerm extractEntry fp/omit.js
727 silly gunzTarPerm extractEntry fp/isMatch.js
728 silly gunzTarPerm extractEntry fp/omitAll.js
729 silly gunzTarPerm extractEntry fp/isMap.js
730 silly gunzTarPerm extractEntry fp/omitBy.js
731 silly gunzTarPerm extractEntry fp/isLength.js
732 silly gunzTarPerm extractEntry fp/once.js
733 silly gunzTarPerm extractEntry fp/isInteger.js
734 silly gunzTarPerm extractEntry fp/orderBy.js
735 silly gunzTarPerm extractEntry fp/isFunction.js
736 silly gunzTarPerm extractEntry fp/over.js
737 silly gunzTarPerm extractEntry fp/isFinite.js
738 silly gunzTarPerm extractEntry fp/overArgs.js
739 silly gunzTarPerm extractEntry fp/isError.js
740 silly gunzTarPerm extractEntry fp/overEvery.js
741 silly gunzTarPerm extractEntry fp/isEqualWith.js
742 silly gunzTarPerm extractEntry fp/overSome.js
743 silly gunzTarPerm extractEntry fp/isEqual.js
744 silly gunzTarPerm extractEntry fp/pad.js
745 silly gunzTarPerm extractEntry fp/isEmpty.js
746 silly gunzTarPerm extractEntry fp/padChars.js
747 silly gunzTarPerm extractEntry fp/isElement.js
748 silly gunzTarPerm extractEntry fp/padCharsEnd.js
749 silly gunzTarPerm extractEntry fp/isDate.js
750 silly gunzTarPerm extractEntry fp/padCharsStart.js
751 silly gunzTarPerm extractEntry fp/isBuffer.js
752 silly gunzTarPerm extractEntry fp/padEnd.js
753 silly gunzTarPerm extractEntry fp/isBoolean.js
754 silly gunzTarPerm extractEntry fp/padStart.js
755 silly gunzTarPerm extractEntry fp/isArrayLikeObject.js
756 silly gunzTarPerm extractEntry fp/parseInt.js
757 silly gunzTarPerm extractEntry fp/isArrayLike.js
758 silly gunzTarPerm extractEntry fp/partial.js
759 silly gunzTarPerm extractEntry fp/isArrayBuffer.js
760 silly gunzTarPerm extractEntry fp/partialRight.js
761 silly gunzTarPerm extractEntry fp/isArray.js
762 silly gunzTarPerm extractEntry fp/partition.js
763 silly gunzTarPerm extractEntry fp/isArguments.js
764 silly gunzTarPerm extractEntry fp/path.js
765 silly gunzTarPerm extractEntry fp/invokeMap.js
766 silly gunzTarPerm extractEntry fp/pathEq.js
767 silly gunzTarPerm extractEntry fp/invokeArgsMap.js
768 silly gunzTarPerm extractEntry fp/pathOr.js
769 silly gunzTarPerm extractEntry fp/invokeArgs.js
770 silly gunzTarPerm extractEntry fp/paths.js
771 silly gunzTarPerm extractEntry fp/invoke.js
772 silly gunzTarPerm extractEntry fp/pick.js
773 silly gunzTarPerm extractEntry fp/invertObj.js
774 silly gunzTarPerm extractEntry fp/pickAll.js
775 silly gunzTarPerm extractEntry fp/invertBy.js
776 silly gunzTarPerm extractEntry fp/pickBy.js
777 silly gunzTarPerm extractEntry fp/invert.js
778 silly gunzTarPerm extractEntry fp/pipe.js
779 silly gunzTarPerm extractEntry fp/intersectionWith.js
780 silly gunzTarPerm extractEntry fp/placeholder.js
781 silly gunzTarPerm extractEntry fp/intersectionBy.js
782 silly gunzTarPerm extractEntry fp/plant.js
783 silly gunzTarPerm extractEntry fp/intersection.js
784 silly gunzTarPerm extractEntry fp/pluck.js
785 silly gunzTarPerm extractEntry fp/initial.js
786 silly gunzTarPerm extractEntry fp/prop.js
787 silly gunzTarPerm extractEntry fp/init.js
788 silly gunzTarPerm extractEntry fp/propEq.js
789 silly gunzTarPerm extractEntry fp/indexOfFrom.js
790 silly gunzTarPerm extractEntry fp/propOr.js
791 silly gunzTarPerm extractEntry fp/indexOf.js
792 silly gunzTarPerm extractEntry fp/property.js
793 silly gunzTarPerm extractEntry fp/includesFrom.js
794 silly gunzTarPerm extractEntry fp/propertyOf.js
795 silly gunzTarPerm extractEntry fp/includes.js
796 silly gunzTarPerm extractEntry fp/props.js
797 silly gunzTarPerm extractEntry fp/inRange.js
798 silly gunzTarPerm extractEntry fp/pull.js
799 silly gunzTarPerm extractEntry fp/identity.js
800 silly gunzTarPerm extractEntry fp/pullAll.js
801 silly gunzTarPerm extractEntry fp/identical.js
802 silly gunzTarPerm extractEntry fp/pullAllBy.js
803 silly gunzTarPerm extractEntry fp/head.js
804 silly gunzTarPerm extractEntry fp/pullAllWith.js
805 silly gunzTarPerm extractEntry fp/hasIn.js
806 silly gunzTarPerm extractEntry fp/pullAt.js
807 silly gunzTarPerm extractEntry fp/has.js
808 silly gunzTarPerm extractEntry fp/random.js
809 silly gunzTarPerm extractEntry fp/gte.js
810 silly gunzTarPerm extractEntry fp/range.js
811 silly gunzTarPerm extractEntry fp/gt.js
812 silly gunzTarPerm extractEntry fp/rangeRight.js
813 silly gunzTarPerm extractEntry fp/groupBy.js
814 silly gunzTarPerm extractEntry fp/rearg.js
815 silly gunzTarPerm extractEntry fp/getOr.js
816 silly gunzTarPerm extractEntry fp/reduce.js
817 silly gunzTarPerm extractEntry fp/get.js
818 silly gunzTarPerm extractEntry fp/reduceRight.js
819 silly gunzTarPerm extractEntry fp/functionsIn.js
820 silly gunzTarPerm extractEntry fp/reject.js
821 silly gunzTarPerm extractEntry fp/functions.js
822 silly gunzTarPerm extractEntry fp/remove.js
823 silly gunzTarPerm extractEntry fp/function.js
824 silly gunzTarPerm extractEntry fp/repeat.js
825 silly gunzTarPerm extractEntry fp/fromPairs.js
826 silly gunzTarPerm extractEntry fp/replace.js
827 silly gunzTarPerm extractEntry fp/forOwnRight.js
828 silly gunzTarPerm extractEntry fp/rest.js
829 silly gunzTarPerm extractEntry fp/forOwn.js
830 silly gunzTarPerm extractEntry fp/restFrom.js
831 silly gunzTarPerm extractEntry fp/forInRight.js
832 silly gunzTarPerm extractEntry fp/result.js
833 silly gunzTarPerm extractEntry fp/forIn.js
834 silly gunzTarPerm extractEntry fp/reverse.js
835 silly gunzTarPerm extractEntry fp/forEachRight.js
836 silly gunzTarPerm extractEntry fp/round.js
837 silly gunzTarPerm extractEntry fp/forEach.js
838 silly gunzTarPerm extractEntry fp/sample.js
839 silly gunzTarPerm extractEntry fp/flowRight.js
840 silly gunzTarPerm extractEntry fp/sampleSize.js
841 silly gunzTarPerm extractEntry fp/flow.js
842 silly gunzTarPerm extractEntry fp/seq.js
843 silly gunzTarPerm extractEntry fp/floor.js
844 silly gunzTarPerm extractEntry fp/set.js
845 silly gunzTarPerm extractEntry fp/flip.js
846 silly gunzTarPerm extractEntry fp/setWith.js
847 silly gunzTarPerm extractEntry fp/flattenDepth.js
848 silly gunzTarPerm extractEntry fp/shuffle.js
849 silly gunzTarPerm extractEntry fp/flattenDeep.js
850 silly gunzTarPerm extractEntry fp/size.js
851 silly gunzTarPerm extractEntry fp/flatten.js
852 silly gunzTarPerm extractEntry fp/slice.js
853 silly gunzTarPerm extractEntry fp/flatMapDepth.js
854 silly gunzTarPerm extractEntry fp/snakeCase.js
855 silly gunzTarPerm extractEntry fp/flatMapDeep.js
856 silly gunzTarPerm extractEntry fp/some.js
857 silly gunzTarPerm extractEntry fp/flatMap.js
858 silly gunzTarPerm extractEntry fp/sortBy.js
859 silly gunzTarPerm extractEntry fp/first.js
860 silly gunzTarPerm extractEntry fp/sortedIndex.js
861 silly gunzTarPerm extractEntry fp/findLastKey.js
862 silly gunzTarPerm extractEntry fp/sortedIndexBy.js
863 silly gunzTarPerm extractEntry fp/findLastIndexFrom.js
864 silly gunzTarPerm extractEntry fp/sortedIndexOf.js
865 silly gunzTarPerm extractEntry fp/findLastIndex.js
866 silly gunzTarPerm extractEntry fp/sortedLastIndex.js
867 silly gunzTarPerm extractEntry fp/findLastFrom.js
868 silly gunzTarPerm extractEntry fp/sortedLastIndexBy.js
869 silly gunzTarPerm extractEntry fp/findLast.js
870 silly gunzTarPerm extractEntry fp/sortedLastIndexOf.js
871 silly gunzTarPerm extractEntry fp/findKey.js
872 silly gunzTarPerm extractEntry fp/sortedUniq.js
873 silly gunzTarPerm extractEntry fp/findIndexFrom.js
874 silly gunzTarPerm extractEntry fp/sortedUniqBy.js
875 silly gunzTarPerm extractEntry fp/findIndex.js
876 silly gunzTarPerm extractEntry fp/split.js
877 silly gunzTarPerm extractEntry fp/findFrom.js
878 silly gunzTarPerm extractEntry fp/spread.js
879 silly gunzTarPerm extractEntry fp/find.js
880 silly gunzTarPerm extractEntry fp/spreadFrom.js
881 silly gunzTarPerm extractEntry fp/filter.js
882 silly gunzTarPerm extractEntry fp/startCase.js
883 silly gunzTarPerm extractEntry fp/fill.js
884 silly gunzTarPerm extractEntry fp/startsWith.js
885 silly gunzTarPerm extractEntry fp/extendWith.js
886 silly gunzTarPerm extractEntry fp/string.js
887 silly gunzTarPerm extractEntry fp/extend.js
888 silly gunzTarPerm extractEntry fp/stubArray.js
889 silly gunzTarPerm extractEntry fp/every.js
890 silly gunzTarPerm extractEntry fp/stubFalse.js
891 silly gunzTarPerm extractEntry fp/escapeRegExp.js
892 silly gunzTarPerm extractEntry fp/stubObject.js
893 silly gunzTarPerm extractEntry fp/escape.js
894 silly gunzTarPerm extractEntry fp/stubString.js
895 silly gunzTarPerm extractEntry fp/equals.js
896 silly gunzTarPerm extractEntry fp/stubTrue.js
897 silly gunzTarPerm extractEntry fp/eq.js
898 silly gunzTarPerm extractEntry fp/subtract.js
899 silly gunzTarPerm extractEntry fp/entriesIn.js
900 silly gunzTarPerm extractEntry fp/sum.js
901 silly gunzTarPerm extractEntry fp/entries.js
902 silly gunzTarPerm extractEntry fp/sumBy.js
903 silly gunzTarPerm extractEntry fp/endsWith.js
904 silly gunzTarPerm extractEntry fp/tail.js
905 silly gunzTarPerm extractEntry fp/eachRight.js
906 silly gunzTarPerm extractEntry fp/take.js
907 silly gunzTarPerm extractEntry fp/each.js
908 silly gunzTarPerm extractEntry fp/takeRight.js
909 silly gunzTarPerm extractEntry fp/dropWhile.js
910 silly gunzTarPerm extractEntry fp/takeRightWhile.js
911 silly gunzTarPerm extractEntry fp/dropRightWhile.js
912 silly gunzTarPerm extractEntry fp/takeWhile.js
913 silly gunzTarPerm extractEntry fp/dropRight.js
914 silly gunzTarPerm extractEntry fp/tap.js
915 silly gunzTarPerm extractEntry fp/drop.js
916 silly gunzTarPerm extractEntry fp/template.js
917 silly gunzTarPerm extractEntry fp/divide.js
918 silly gunzTarPerm extractEntry fp/templateSettings.js
919 silly gunzTarPerm extractEntry fp/dissocPath.js
920 silly gunzTarPerm extractEntry fp/throttle.js
921 silly gunzTarPerm extractEntry fp/dissoc.js
922 silly gunzTarPerm extractEntry fp/thru.js
923 silly gunzTarPerm extractEntry fp/differenceWith.js
924 silly gunzTarPerm extractEntry fp/times.js
925 silly gunzTarPerm extractEntry fp/differenceBy.js
926 silly gunzTarPerm extractEntry fp/toArray.js
927 silly gunzTarPerm extractEntry fp/difference.js
928 silly gunzTarPerm extractEntry fp/toFinite.js
929 silly gunzTarPerm extractEntry fp/delay.js
930 silly gunzTarPerm extractEntry fp/toInteger.js
931 silly gunzTarPerm extractEntry fp/defer.js
932 silly gunzTarPerm extractEntry fp/toIterator.js
933 silly gunzTarPerm extractEntry fp/defaultsDeep.js
934 silly gunzTarPerm extractEntry fp/toJSON.js
935 silly gunzTarPerm extractEntry fp/defaults.js
936 silly gunzTarPerm extractEntry fp/toLength.js
937 silly gunzTarPerm extractEntry fp/deburr.js
938 silly gunzTarPerm extractEntry fp/toLower.js
939 silly gunzTarPerm extractEntry fp/debounce.js
940 silly gunzTarPerm extractEntry fp/toNumber.js
941 silly gunzTarPerm extractEntry fp/date.js
942 silly gunzTarPerm extractEntry fp/toPairs.js
943 silly gunzTarPerm extractEntry fp/curryRightN.js
944 silly gunzTarPerm extractEntry fp/toPairsIn.js
945 silly gunzTarPerm extractEntry fp/curryRight.js
946 silly gunzTarPerm extractEntry fp/toPath.js
947 silly gunzTarPerm extractEntry fp/curryN.js
948 silly gunzTarPerm extractEntry fp/toPlainObject.js
949 silly gunzTarPerm extractEntry fp/curry.js
950 silly gunzTarPerm extractEntry fp/toSafeInteger.js
951 silly gunzTarPerm extractEntry fp/create.js
952 silly gunzTarPerm extractEntry fp/toString.js
953 silly gunzTarPerm extractEntry fp/countBy.js
954 silly gunzTarPerm extractEntry fp/toUpper.js
955 silly gunzTarPerm extractEntry fp/convert.js
956 silly gunzTarPerm extractEntry fp/transform.js
957 silly gunzTarPerm extractEntry fp/contains.js
958 silly gunzTarPerm extractEntry fp/trim.js
959 silly gunzTarPerm extractEntry fp/constant.js
960 silly gunzTarPerm extractEntry fp/trimChars.js
961 silly gunzTarPerm extractEntry fp/conforms.js
962 silly gunzTarPerm extractEntry fp/trimCharsEnd.js
963 silly gunzTarPerm extractEntry fp/cond.js
964 silly gunzTarPerm extractEntry fp/trimCharsStart.js
965 silly gunzTarPerm extractEntry fp/concat.js
966 silly gunzTarPerm extractEntry fp/trimEnd.js
967 silly gunzTarPerm extractEntry fp/compose.js
968 silly gunzTarPerm extractEntry fp/trimStart.js
969 silly gunzTarPerm extractEntry fp/complement.js
970 silly gunzTarPerm extractEntry fp/truncate.js
971 silly gunzTarPerm extractEntry fp/compact.js
972 silly gunzTarPerm extractEntry fp/unapply.js
973 silly gunzTarPerm extractEntry fp/commit.js
974 silly gunzTarPerm extractEntry fp/unary.js
975 silly gunzTarPerm extractEntry fp/collection.js
976 silly gunzTarPerm extractEntry fp/unescape.js
977 silly gunzTarPerm extractEntry fp/cloneWith.js
978 silly gunzTarPerm extractEntry fp/union.js
979 silly gunzTarPerm extractEntry fp/cloneDeepWith.js
980 silly gunzTarPerm extractEntry fp/unionBy.js
981 silly gunzTarPerm extractEntry fp/cloneDeep.js
982 silly gunzTarPerm extractEntry fp/unionWith.js
983 silly gunzTarPerm extractEntry fp/clone.js
984 silly gunzTarPerm extractEntry fp/uniq.js
985 silly gunzTarPerm extractEntry fp/clamp.js
986 silly gunzTarPerm extractEntry fp/uniqBy.js
987 silly gunzTarPerm extractEntry fp/chunk.js
988 silly gunzTarPerm extractEntry fp/uniqWith.js
989 silly gunzTarPerm extractEntry fp/chain.js
990 silly gunzTarPerm extractEntry fp/uniqueId.js
991 silly gunzTarPerm extractEntry fp/ceil.js
992 silly gunzTarPerm extractEntry fp/unnest.js
993 silly gunzTarPerm extractEntry fp/castArray.js
994 silly gunzTarPerm extractEntry fp/unset.js
995 silly gunzTarPerm extractEntry fp/capitalize.js
996 silly gunzTarPerm extractEntry fp/unzip.js
997 silly gunzTarPerm extractEntry fp/camelCase.js
998 silly gunzTarPerm extractEntry fp/unzipWith.js
999 silly gunzTarPerm extractEntry fp/bindKey.js
1000 silly gunzTarPerm extractEntry fp/update.js
1001 silly gunzTarPerm extractEntry fp/bindAll.js
1002 silly gunzTarPerm extractEntry fp/updateWith.js
1003 silly gunzTarPerm extractEntry fp/bind.js
1004 silly gunzTarPerm extractEntry fp/upperCase.js
1005 silly gunzTarPerm extractEntry fp/before.js
1006 silly gunzTarPerm extractEntry fp/upperFirst.js
1007 silly gunzTarPerm extractEntry fp/attempt.js
1008 silly gunzTarPerm extractEntry fp/useWith.js
1009 silly gunzTarPerm extractEntry fp/at.js
1010 silly gunzTarPerm extractEntry fp/util.js
1011 silly gunzTarPerm extractEntry fp/assocPath.js
1012 silly gunzTarPerm extractEntry fp/value.js
1013 silly gunzTarPerm extractEntry fp/assoc.js
1014 silly gunzTarPerm extractEntry fp/valueOf.js
1015 silly gunzTarPerm extractEntry fp/assignWith.js
1016 silly gunzTarPerm extractEntry fp/values.js
1017 silly gunzTarPerm extractEntry fp/assignInWith.js
1018 silly gunzTarPerm extractEntry fp/valuesIn.js
1019 silly gunzTarPerm extractEntry fp/assignIn.js
1020 silly gunzTarPerm extractEntry fp/whereEq.js
1021 silly gunzTarPerm extractEntry fp/assign.js
1022 silly gunzTarPerm extractEntry fp/without.js
1023 silly gunzTarPerm extractEntry fp/ary.js
1024 silly gunzTarPerm extractEntry fp/words.js
1025 silly gunzTarPerm extractEntry fp/array.js
1026 silly gunzTarPerm extractEntry fp/wrap.js
1027 silly gunzTarPerm extractEntry fp/apply.js
1028 silly gunzTarPerm extractEntry fp/wrapperAt.js
1029 silly gunzTarPerm extractEntry fp/anyPass.js
1030 silly gunzTarPerm extractEntry fp/wrapperChain.js
1031 silly gunzTarPerm extractEntry fp/any.js
1032 silly gunzTarPerm extractEntry fp/wrapperLodash.js
1033 silly gunzTarPerm extractEntry fp/always.js
1034 silly gunzTarPerm extractEntry fp/wrapperReverse.js
1035 silly gunzTarPerm extractEntry fp/allPass.js
1036 silly gunzTarPerm extractEntry fp/wrapperValue.js
1037 silly gunzTarPerm extractEntry fp/all.js
1038 silly gunzTarPerm extractEntry fp/xor.js
1039 silly gunzTarPerm extractEntry fp/after.js
1040 silly gunzTarPerm extractEntry fp/xorBy.js
1041 silly gunzTarPerm extractEntry fp/add.js
1042 silly gunzTarPerm extractEntry fp/xorWith.js
1043 silly gunzTarPerm extractEntry fp/_util.js
1044 silly gunzTarPerm extractEntry fp/zip.js
1045 silly gunzTarPerm extractEntry fp/_mapping.js
1046 silly gunzTarPerm extractEntry fp/zipObj.js
1047 silly gunzTarPerm extractEntry fp/_falseOptions.js
1048 silly gunzTarPerm extractEntry fp/zipObject.js
1049 silly gunzTarPerm extractEntry fp/_convertBrowser.js
1050 silly gunzTarPerm extractEntry fp/zipObjectDeep.js
1051 silly gunzTarPerm extractEntry fp/_baseConvert.js
1052 silly gunzTarPerm extractEntry fp/zipWith.js
1053 silly gunzTarPerm extractEntry fp/lowerFirst.js
1054 verbose write writing to /Users/rob.cornacchia/Desktop/code/react/pluralsight/react_and_flux/node_modules/lodash/package.json
1055 info preinstall lodash@4.13.1
1056 verbose readDependencies loading dependencies from /Users/rob.cornacchia/Desktop/code/react/pluralsight/react_and_flux/node_modules/lodash/package.json
1057 verbose readDependencies loading dependencies from /Users/rob.cornacchia/Desktop/code/react/pluralsight/react_and_flux/node_modules/lodash/package.json
1058 silly install resolved []
1059 verbose about to build /Users/rob.cornacchia/Desktop/code/react/pluralsight/react_and_flux/node_modules/lodash
1060 info build /Users/rob.cornacchia/Desktop/code/react/pluralsight/react_and_flux/node_modules/lodash
1061 info linkStuff lodash@4.13.1
1062 silly linkStuff lodash@4.13.1 has /Users/rob.cornacchia/Desktop/code/react/pluralsight/react_and_flux/node_modules as its parent node_modules
1063 verbose linkBins lodash@4.13.1
1064 verbose linkMans lodash@4.13.1
1065 verbose rebuildBundles lodash@4.13.1
1066 info install lodash@4.13.1
1067 info postinstall lodash@4.13.1
1068 verbose unlock done using /Users/rob.cornacchia/.npm/_locks/lodash-a0cba5d555b302c1.lock for /Users/rob.cornacchia/Desktop/code/react/pluralsight/react_and_flux/node_modules/lodash
1069 verbose validateInstall loading /Users/rob.cornacchia/Desktop/code/react/pluralsight/react_and_flux/package.json for validation
1070 verbose stack Error: The package react@0.13.3 does not satisfy its siblings' peerDependencies requirements!
1070 verbose stack     at /usr/local/lib/node_modules/npm/lib/install.js:125:32
1070 verbose stack     at /usr/local/lib/node_modules/npm/lib/install.js:268:7
1070 verbose stack     at /usr/local/lib/node_modules/npm/node_modules/read-installed/read-installed.js:142:5
1070 verbose stack     at /usr/local/lib/node_modules/npm/node_modules/read-installed/read-installed.js:263:14
1070 verbose stack     at cb (/usr/local/lib/node_modules/npm/node_modules/slide/lib/async-map.js:47:24)
1070 verbose stack     at /usr/local/lib/node_modules/npm/node_modules/read-installed/read-installed.js:263:14
1070 verbose stack     at cb (/usr/local/lib/node_modules/npm/node_modules/slide/lib/async-map.js:47:24)
1070 verbose stack     at /usr/local/lib/node_modules/npm/node_modules/read-installed/read-installed.js:263:14
1070 verbose stack     at cb (/usr/local/lib/node_modules/npm/node_modules/slide/lib/async-map.js:47:24)
1070 verbose stack     at /usr/local/lib/node_modules/npm/node_modules/read-installed/read-installed.js:263:14
1071 verbose cwd /Users/rob.cornacchia/Desktop/code/react/pluralsight/react_and_flux/src
1072 error Darwin 15.4.0
1073 error argv "/usr/local/bin/node" "/usr/local/bin/npm" "install" "--save" "lodash"
1074 error node v4.4.3
1075 error npm  v2.15.1
1076 error code EPEERINVALID
1077 error peerinvalid The package react@0.13.3 does not satisfy its siblings' peerDependencies requirements!
1077 error peerinvalid Peer react-router@0.13.3 wants react@0.13.x
1077 error peerinvalid Peer react-dom@15.1.0 wants react@^15.1.0
1078 verbose exit [ 1, true ]
